Start testing: May 04 22:31 CEST
----------------------------------------------------------
1/1 Testing: LibraryTest1
1/1 Test: LibraryTest1
Command: "/Users/danilzdorik/Documents/One_Drive/Politechnika/Semestr 2/POBI/warsztaty/Warsztat2/trunk/cmake-build-debug/library/LibraryTest" "--report_level=detailed" "--log_level=all" "--color_output=yes"
Directory: /Users/danilzdorik/Documents/One_Drive/Politechnika/Semestr 2/POBI/warsztaty/Warsztat2/trunk/cmake-build-debug/library
"LibraryTest1" start time: May 04 22:31 CEST
Output:
----------------------------------------------------------
Client information: 
Imie: Danylo
Nazwisko: Zdoryk
Numer PESSEL: 233305

Running 3 test cases...
[1;34;49mEntering test module "Master Test Suite"
[0;39;49m[1;34;49m/Users/danilzdorik/Documents/One_Drive/Politechnika/Semestr 2/POBI/warsztaty/Warsztat2/trunk/library/test/ClientTest.cpp:8: Entering test suite "TestSuiteClient"
[0;39;49m[1;34;49m/Users/danilzdorik/Documents/One_Drive/Politechnika/Semestr 2/POBI/warsztaty/Warsztat2/trunk/library/test/ClientTest.cpp:12: Entering test case "Getter_test"
[0;39;49m/Users/danilzdorik/Documents/One_Drive/Politechnika/Semestr 2/POBI/warsztaty/Warsztat2/trunk/library/test/ClientTest.cpp:14: [1;32;49minfo: check Osoba1->get_firstName() == "Danylo" has passed[0;39;49m
/Users/danilzdorik/Documents/One_Drive/Politechnika/Semestr 2/POBI/warsztaty/Warsztat2/trunk/library/test/ClientTest.cpp:15: [1;32;49minfo: check Osoba1->get_lastName() == "Zdoryk" has passed[0;39;49m
/Users/danilzdorik/Documents/One_Drive/Politechnika/Semestr 2/POBI/warsztaty/Warsztat2/trunk/library/test/ClientTest.cpp:16: [1;32;49minfo: check Osoba1->get_personalID() == "233305" has passed[0;39;49m
[1;34;49m/Users/danilzdorik/Documents/One_Drive/Politechnika/Semestr 2/POBI/warsztaty/Warsztat2/trunk/library/test/ClientTest.cpp:12: Leaving test case "Getter_test"; testing time: 123us
[0;39;49m[1;34;49m/Users/danilzdorik/Documents/One_Drive/Politechnika/Semestr 2/POBI/warsztaty/Warsztat2/trunk/library/test/ClientTest.cpp:27: Entering test case "setfirstname_test"
[0;39;49mNiemozliwa zmiana imia
/Users/danilzdorik/Documents/One_Drive/Politechnika/Semestr 2/POBI/warsztaty/Warsztat2/trunk/library/test/ClientTest.cpp:28: [1;32;49minfo: check Osoba1->set_firstName("") == false has passed[0;39;49m
Zmiana imia z : Danylo na Anton ...

Imie zostalo zmienione

/Users/danilzdorik/Documents/One_Drive/Politechnika/Semestr 2/POBI/warsztaty/Warsztat2/trunk/library/test/ClientTest.cpp:29: [1;32;49minfo: check Osoba1->set_firstName("Anton") has passed[0;39;49m
[1;34;49m/Users/danilzdorik/Documents/One_Drive/Politechnika/Semestr 2/POBI/warsztaty/Warsztat2/trunk/library/test/ClientTest.cpp:27: Leaving test case "setfirstname_test"; testing time: 72us
[0;39;49m[1;34;49m/Users/danilzdorik/Documents/One_Drive/Politechnika/Semestr 2/POBI/warsztaty/Warsztat2/trunk/library/test/ClientTest.cpp:32: Entering test case "setlastname_test"
[0;39;49mNiemozliwa zmiana nazwiska

/Users/danilzdorik/Documents/One_Drive/Politechnika/Semestr 2/POBI/warsztaty/Warsztat2/trunk/library/test/ClientTest.cpp:33: [1;32;49minfo: check Osoba1->set_lastName("") == false has passed[0;39;49m
Zmiana nazwiska z : Zdoryk na Karpetskyi ...
Nazwisko zostalo zmienione

/Users/danilzdorik/Documents/One_Drive/Politechnika/Semestr 2/POBI/warsztaty/Warsztat2/trunk/library/test/ClientTest.cpp:34: [1;32;49minfo: check Osoba1->set_lastName("Karpetskyi") has passed[0;39;49m
[1;34;49m/Users/danilzdorik/Documents/One_Drive/Politechnika/Semestr 2/POBI/warsztaty/Warsztat2/trunk/library/test/ClientTest.cpp:32: Leaving test case "setlastname_test"; testing time: 55us
[0;39;49m[1;34;49m/Users/danilzdorik/Documents/One_Drive/Politechnika/Semestr 2/POBI/warsztaty/Warsztat2/trunk/library/test/ClientTest.cpp:8: Leaving test suite "TestSuiteClient"; testing time: 307us
[0;39;49m[1;34;49mLeaving test module "Master Test Suite"; testing time: 355us
[0;39;49m
Test module "Master Test Suite" has passed with:
  3 test cases out of 3 passed
  7 assertions out of 7 passed

  Test suite "TestSuiteClient" has passed with:
    3 test cases out of 3 passed
    7 assertions out of 7 passed

    Test case "TestSuiteClient/Getter_test" has passed with:
      3 assertions out of 3 passed

    Test case "TestSuiteClient/setfirstname_test" has passed with:
      2 assertions out of 2 passed

    Test case "TestSuiteClient/setlastname_test" has passed with:
      2 assertions out of 2 passed

<end of output>
Test time =   0.02 sec
----------------------------------------------------------
Test Passed.
"LibraryTest1" end time: May 04 22:31 CEST
"LibraryTest1" time elapsed: 00:00:00
----------------------------------------------------------

End testing: May 04 22:31 CEST
